Build started 7/24/2014 7:14:59 PM.
     1>Project "C:\Users\weijin\Documents\GitHub\CanvasEngineV_0.021\CanvasEngineV_0.02\CanvasEngineV_0.02.vcxproj" on node 2 (Build target(s)).
     1>ClCompile:
         C:\Program Files (x86)\Microsoft Visual Studio 11.0\VC\bin\CL.exe /c /ZI /nologo /W3 /WX- /Od /Oy- /D _MBCS /Gm /EHsc /RTC1 /MDd /GS /fp:precise /Zc:wchar_t /Zc:forScope /Fo"Debug\\" /Fd"Debug\vc110.pdb" /Gd /TP /analyze- /errorReport:prompt Engine.cpp GUIassets.cpp Main.cpp
         Main.cpp
     1>c:\users\weijin\documents\github\canvasenginev_0.021\canvasenginev_0.02\guiassets.h(24): warning C4091: 'static ' : ignored on left of 'buttonTextures' when no variable is declared
     1>c:\users\weijin\documents\github\canvasenginev_0.021\canvasenginev_0.02\main.cpp(110): warning C4553: '==' : operator has no effect; did you intend '='?
     1>c:\users\weijin\documents\github\canvasenginev_0.021\canvasenginev_0.02\main.cpp(112): warning C4553: '==' : operator has no effect; did you intend '='?
         GUIassets.cpp
     1>c:\users\weijin\documents\github\canvasenginev_0.021\canvasenginev_0.02\guiassets.h(24): warning C4091: 'static ' : ignored on left of 'buttonTextures' when no variable is declared
         Engine.cpp
     1>c:\users\weijin\documents\github\canvasenginev_0.021\canvasenginev_0.02\guiassets.h(24): warning C4091: 'static ' : ignored on left of 'buttonTextures' when no variable is declared
         Generating Code...
       Link:
         C:\Program Files (x86)\Microsoft Visual Studio 11.0\VC\bin\link.exe /ERRORREPORT:PROMPT /OUT:"C:\Users\weijin\Documents\GitHub\CanvasEngineV_0.021\Debug\CanvasEngineV_0.02.exe" /INCREMENTAL /NOLOGO SDL2.lib SDL2main.lib SDL2_image.lib SDL2_ttf.lib kernel32.lib user32.lib gdi32.lib winspool.lib comdlg32.lib advapi32.lib shell32.lib ole32.lib oleaut32.lib uuid.lib odbc32.lib odbccp32.lib /MANIFEST /MANIFESTUAC:"level='asInvoker' uiAccess='false'" /manifest:embed /DEBUG /PDB:"C:\Users\weijin\Documents\GitHub\CanvasEngineV_0.021\Debug\CanvasEngineV_0.02.pdb" /SUBSYSTEM:CONSOLE /TLBID:1 /DYNAMICBASE /NXCOMPAT /IMPLIB:"C:\Users\weijin\Documents\GitHub\CanvasEngineV_0.021\Debug\CanvasEngineV_0.02.lib" /MACHINE:X86 Debug\CanvasEngineV_0.02.res
         Debug\AiEngine.obj
         Debug\Engine.obj
         Debug\GUI.obj
         Debug\GUIassets.obj
         Debug\Main.obj
         Debug\physicsEngine.obj
         Debug\physicsShape.obj
         Debug\World.obj
     1>MSVCRTD.lib(cinitexe.obj) : warning LNK4098: defaultlib 'msvcrt.lib' conflicts with use of other libs; use /NODEFAULTLIB:library
         CanvasEngineV_0.02.vcxproj -> C:\Users\weijin\Documents\GitHub\CanvasEngineV_0.021\Debug\CanvasEngineV_0.02.exe
     1>Done Building Project "C:\Users\weijin\Documents\GitHub\CanvasEngineV_0.021\CanvasEngineV_0.02\CanvasEngineV_0.02.vcxproj" (Build target(s)).

Build succeeded.

Time Elapsed 00:00:02.03
